10/16/2019 10:29:32 AM -- avendail :I woke up early before school to play
10/16/2019 10:30:04 AM -- avendail :Been waiting for an hour by now for only 200 megabytes to download on my laptop
10/16/2019 10:30:14 AM -- avendail :Thank god
10/16/2019 10:31:01 AM -- avendail :If you don’t want sweaty hands, then I recommend being like cold and buying a towel or something
10/16/2019 10:31:40 AM -- avendail :How do you sidejump so well
10/16/2019 10:31:51 AM -- avendail :I mean cone jump
10/16/2019 10:32:22 AM -- avendail :Nevermind
10/16/2019 10:32:30 AM -- avendail :Idk the right term
10/16/2019 10:33:30 AM -- avendail :Ya
10/16/2019 10:33:42 AM -- avendail :I’m trying to do that twice in a row
10/16/2019 10:33:59 AM -- avendail :Lk
10/16/2019 10:34:02 AM -- avendail :*kk
10/16/2019 10:34:13 AM -- snavegt :god damn im tired whats good
10/16/2019 10:34:22 AM -- avendail :Hi snave
10/16/2019 10:34:47 AM -- snavegt :howd the night go?
10/16/2019 10:36:00 AM -- avendail :True
10/16/2019 10:36:46 AM -- avendail :I know
10/16/2019 10:36:56 AM -- avendail :I just sit in creative practicing that
10/16/2019 10:37:11 AM -- avendail :I’m also trying to block my self when I do that so I don’t get shot
10/16/2019 10:38:10 AM -- avendail :Ya
10/16/2019 10:38:16 AM -- snavegt :have u gotten any dubs with the keypad?
10/16/2019 10:39:05 AM -- avendail :Rip
10/16/2019 10:39:17 AM -- avendail :You should care about your mental health
10/16/2019 10:39:38 AM -- abbythesnake2 :Guess who’s up bitches
10/16/2019 10:39:40 AM -- avendail :All the sleep you missed will eventually have to be maked up
10/16/2019 10:39:41 AM -- snavegt :old man jankins now a days
10/16/2019 10:39:42 AM -- abbythesnake2 :qtsLove qtsLove
10/16/2019 10:39:55 AM -- abbythesnake2 :!watchtime
10/16/2019 10:39:56 AM -- streamelements :abbythesnake2 has spent 1 day 23 hours watching diamondx
10/16/2019 10:40:03 AM -- avendail :!watchtime
10/16/2019 10:40:04 AM -- streamelements :avendail has spent 10 hours watching diamondx
10/16/2019 10:40:06 AM -- abbythesnake2 :🤣
10/16/2019 10:40:11 AM -- avendail :Oof
10/16/2019 10:40:39 AM -- snavegt :youll get a second wind if you hold out
10/16/2019 10:41:09 AM -- abbythesnake2 :Guess who’s going back to bed bitches 🤣
10/16/2019 10:41:47 AM -- abbythesnake2 :I’m fucking tired
10/16/2019 10:42:14 AM -- snavegt :i have school and im soo fucking tired ResidentSleeper
10/16/2019 10:43:04 AM -- avendail :Do ever drink water?
10/16/2019 10:43:10 AM -- avendail :*you
10/16/2019 10:43:31 AM -- snavegt :usually if i havent slept in a while and im hella tired, if i stay up ill get a second wind (ill be hella awake again)
10/16/2019 10:43:32 AM -- avendail :Good
10/16/2019 10:46:12 AM -- snavegt :i wonder if anyone was coning people in like season 4 and no one ever knew about it but him
10/16/2019 10:49:21 AM -- snavegt :i remember i picked up coning a few weeks before it really blew up
10/16/2019 10:49:35 AM -- snavegt :and i would go in stw with a friend to practice it
10/16/2019 10:49:43 AM -- abbythesnake2 :qtsLove qtsLove
10/16/2019 10:50:08 AM -- abbythesnake2 :Get off when I reach 2 days
10/16/2019 10:50:40 AM -- snavegt :WAILING
10/16/2019 10:50:50 AM -- piechampion :K im at school now :(
10/16/2019 10:51:09 AM -- snavegt :Sad hours @piechampion
10/16/2019 10:51:29 AM -- abbythesnake2 :I’ve had your stream opened all night
10/16/2019 10:51:35 AM -- avendail :I gtg to school too in a couple of mon
10/16/2019 10:51:38 AM -- abbythesnake2 :On my phone
10/16/2019 10:51:38 AM -- avendail :*min
10/16/2019 10:51:41 AM -- avendail :;(
10/16/2019 10:52:15 AM -- avendail :Yes
10/16/2019 10:52:18 AM -- snavegt :yes
10/16/2019 10:52:25 AM -- abbythesnake2 :!watchtime
10/16/2019 10:52:26 AM -- streamelements :abbythesnake2 has spent 1 day 23 hours watching diamondx
10/16/2019 10:52:30 AM -- abbythesnake2 :Not yetttt
10/16/2019 10:53:00 AM -- snavegt :imagine diamond suffers throughout the say with like one viewer cuz everyones at school
10/16/2019 10:53:08 AM -- abbythesnake2 :Let me get this 2 days
10/16/2019 10:53:14 AM -- abbythesnake2 :Yes it does
10/16/2019 10:53:17 AM -- abbythesnake2 :mewsFeelsbadman
10/16/2019 10:54:14 AM -- snavegt :i hate thinking that in 20 mins imma be at school grinding
10/16/2019 10:54:28 AM -- abbythesnake2 :You have no clue how many times I woke up scared as fuck 😂 thought someone was in my room but it was four stream
10/16/2019 10:54:31 AM -- avendail :Same
10/16/2019 10:54:35 AM -- avendail :I’ll see you guys later
10/16/2019 10:54:37 AM -- avendail :I gtg
10/16/2019 10:55:22 AM -- abbythesnake2 :Night
10/16/2019 10:55:25 AM -- snavegt :sounds like it wont even fuck your schedule very much
10/16/2019 10:55:33 AM -- abbythesnake2 :!watchtime
10/16/2019 10:55:34 AM -- streamelements :abbythesnake2 has spent 1 day 23 hours watching diamondx
10/16/2019 10:55:40 AM -- abbythesnake2 :mewsFeelsbadman
10/16/2019 10:55:44 AM -- snavegt :also i called that you would fail to tryhardz
10/16/2019 10:56:29 AM -- snavegt :cya later today Pog
