10/16/2019 10:29:12 AM -- :tmi.twitch.tv 001 wikedabot :Welcome, GLHF!
10/16/2019 10:29:12 AM -- :tmi.twitch.tv 002 wikedabot :Your host is tmi.twitch.tv
10/16/2019 10:29:12 AM -- :tmi.twitch.tv 003 wikedabot :This server is rather new
10/16/2019 10:29:12 AM -- :tmi.twitch.tv 004 wikedabot :-
10/16/2019 10:29:12 AM -- :tmi.twitch.tv 375 wikedabot :-
10/16/2019 10:29:12 AM -- :tmi.twitch.tv 372 wikedabot :You are in a maze of twisty passages, all alike.
10/16/2019 10:29:12 AM -- :tmi.twitch.tv 376 wikedabot :>
10/16/2019 10:29:12 AM -- :wikedabot!wikedabot@wikedabot.tmi.twitch.tv JOIN #diamondx
10/16/2019 10:29:12 AM -- :wikedabot.tmi.twitch.tv 353 wikedabot = #diamondx :wikedabot
10/16/2019 10:29:12 AM -- :wikedabot.tmi.twitch.tv 366 wikedabot #diamondx :End of /NAMES list
10/16/2019 10:29:12 AM -- PONG :tmi.twitch.tv
10/16/2019 10:29:32 AM -- :avendail!avendail@avendail.tmi.twitch.tv PRIVMSG #diamondx :I woke up early before school to play
10/16/2019 10:30:04 AM -- :avendail!avendail@avendail.tmi.twitch.tv PRIVMSG #diamondx :Been waiting for an hour by now for only 200 megabytes to download on my laptop
10/16/2019 10:30:14 AM -- :avendail!avendail@avendail.tmi.twitch.tv PRIVMSG #diamondx :Thank god
10/16/2019 10:31:01 AM -- :avendail!avendail@avendail.tmi.twitch.tv PRIVMSG #diamondx :If you don’t want sweaty hands, then I recommend being like cold and buying a towel or something
10/16/2019 10:31:40 AM -- :avendail!avendail@avendail.tmi.twitch.tv PRIVMSG #diamondx :How do you sidejump so well
10/16/2019 10:31:51 AM -- :avendail!avendail@avendail.tmi.twitch.tv PRIVMSG #diamondx :I mean cone jump
10/16/2019 10:32:22 AM -- :avendail!avendail@avendail.tmi.twitch.tv PRIVMSG #diamondx :Nevermind
10/16/2019 10:32:30 AM -- :avendail!avendail@avendail.tmi.twitch.tv PRIVMSG #diamondx :Idk the right term
10/16/2019 10:33:30 AM -- PING :tmi.twitch.tv
10/16/2019 10:33:30 AM -- :avendail!avendail@avendail.tmi.twitch.tv PRIVMSG #diamondx :Ya
10/16/2019 10:33:42 AM -- :avendail!avendail@avendail.tmi.twitch.tv PRIVMSG #diamondx :I’m trying to do that twice in a row
10/16/2019 10:33:59 AM -- :avendail!avendail@avendail.tmi.twitch.tv PRIVMSG #diamondx :Lk
10/16/2019 10:34:02 AM -- :avendail!avendail@avendail.tmi.twitch.tv PRIVMSG #diamondx :*kk
10/16/2019 10:34:12 AM -- PONG :tmi.twitch.tv
10/16/2019 10:34:13 AM -- :snavegt!snavegt@snavegt.tmi.twitch.tv PRIVMSG #diamondx :god damn im tired whats good
10/16/2019 10:34:22 AM -- :avendail!avendail@avendail.tmi.twitch.tv PRIVMSG #diamondx :Hi snave
10/16/2019 10:34:47 AM -- :snavegt!snavegt@snavegt.tmi.twitch.tv PRIVMSG #diamondx :howd the night go?
10/16/2019 10:36:00 AM -- :avendail!avendail@avendail.tmi.twitch.tv PRIVMSG #diamondx :True
10/16/2019 10:36:46 AM -- :avendail!avendail@avendail.tmi.twitch.tv PRIVMSG #diamondx :I know
10/16/2019 10:36:56 AM -- :avendail!avendail@avendail.tmi.twitch.tv PRIVMSG #diamondx :I just sit in creative practicing that
10/16/2019 10:37:11 AM -- :avendail!avendail@avendail.tmi.twitch.tv PRIVMSG #diamondx :I’m also trying to block my self when I do that so I don’t get shot
10/16/2019 10:38:10 AM -- :avendail!avendail@avendail.tmi.twitch.tv PRIVMSG #diamondx :Ya
10/16/2019 10:38:16 AM -- :snavegt!snavegt@snavegt.tmi.twitch.tv PRIVMSG #diamondx :have u gotten any dubs with the keypad?
10/16/2019 10:38:23 AM -- PING :tmi.twitch.tv
10/16/2019 10:39:05 AM -- :avendail!avendail@avendail.tmi.twitch.tv PRIVMSG #diamondx :Rip
10/16/2019 10:39:12 AM -- PONG :tmi.twitch.tv
10/16/2019 10:39:17 AM -- :avendail!avendail@avendail.tmi.twitch.tv PRIVMSG #diamondx :You should care about your mental health
10/16/2019 10:39:38 AM -- :abbythesnake2!abbythesnake2@abbythesnake2.tmi.twitch.tv PRIVMSG #diamondx :Guess who’s up bitches
10/16/2019 10:39:40 AM -- :avendail!avendail@avendail.tmi.twitch.tv PRIVMSG #diamondx :All the sleep you missed will eventually have to be maked up
10/16/2019 10:39:41 AM -- :snavegt!snavegt@snavegt.tmi.twitch.tv PRIVMSG #diamondx :old man jankins now a days
10/16/2019 10:39:42 AM -- :abbythesnake2!abbythesnake2@abbythesnake2.tmi.twitch.tv PRIVMSG #diamondx :qtsLove qtsLove
10/16/2019 10:39:55 AM -- :abbythesnake2!abbythesnake2@abbythesnake2.tmi.twitch.tv PRIVMSG #diamondx :!watchtime
10/16/2019 10:39:56 AM -- :streamelements!streamelements@streamelements.tmi.twitch.tv PRIVMSG #diamondx :abbythesnake2 has spent 1 day 23 hours watching diamondx
10/16/2019 10:40:03 AM -- :avendail!avendail@avendail.tmi.twitch.tv PRIVMSG #diamondx :!watchtime
10/16/2019 10:40:04 AM -- :streamelements!streamelements@streamelements.tmi.twitch.tv PRIVMSG #diamondx :avendail has spent 10 hours watching diamondx
10/16/2019 10:40:06 AM -- :abbythesnake2!abbythesnake2@abbythesnake2.tmi.twitch.tv PRIVMSG #diamondx :🤣
10/16/2019 10:40:11 AM -- :avendail!avendail@avendail.tmi.twitch.tv PRIVMSG #diamondx :Oof
10/16/2019 10:40:39 AM -- :snavegt!snavegt@snavegt.tmi.twitch.tv PRIVMSG #diamondx :youll get a second wind if you hold out
10/16/2019 10:41:09 AM -- :abbythesnake2!abbythesnake2@abbythesnake2.tmi.twitch.tv PRIVMSG #diamondx :Guess who’s going back to bed bitches 🤣
10/16/2019 10:41:47 AM -- :abbythesnake2!abbythesnake2@abbythesnake2.tmi.twitch.tv PRIVMSG #diamondx :I’m fucking tired
10/16/2019 10:42:14 AM -- :snavegt!snavegt@snavegt.tmi.twitch.tv PRIVMSG #diamondx :i have school and im soo fucking tired ResidentSleeper
10/16/2019 10:42:57 AM -- PING :tmi.twitch.tv
10/16/2019 10:43:04 AM -- :avendail!avendail@avendail.tmi.twitch.tv PRIVMSG #diamondx :Do ever drink water?
10/16/2019 10:43:10 AM -- :avendail!avendail@avendail.tmi.twitch.tv PRIVMSG #diamondx :*you
10/16/2019 10:43:31 AM -- :snavegt!snavegt@snavegt.tmi.twitch.tv PRIVMSG #diamondx :usually if i havent slept in a while and im hella tired, if i stay up ill get a second wind (ill be hella awake again)
10/16/2019 10:43:32 AM -- :avendail!avendail@avendail.tmi.twitch.tv PRIVMSG #diamondx :Good
10/16/2019 10:44:12 AM -- PONG :tmi.twitch.tv
10/16/2019 10:46:12 AM -- :snavegt!snavegt@snavegt.tmi.twitch.tv PRIVMSG #diamondx :i wonder if anyone was coning people in like season 4 and no one ever knew about it but him
10/16/2019 10:47:09 AM -- PING :tmi.twitch.tv
10/16/2019 10:49:12 AM -- PONG :tmi.twitch.tv
10/16/2019 10:49:21 AM -- :snavegt!snavegt@snavegt.tmi.twitch.tv PRIVMSG #diamondx :i remember i picked up coning a few weeks before it really blew up
10/16/2019 10:49:35 AM -- :snavegt!snavegt@snavegt.tmi.twitch.tv PRIVMSG #diamondx :and i would go in stw with a friend to practice it
10/16/2019 10:49:43 AM -- :abbythesnake2!abbythesnake2@abbythesnake2.tmi.twitch.tv PRIVMSG #diamondx :qtsLove qtsLove
10/16/2019 10:50:08 AM -- :abbythesnake2!abbythesnake2@abbythesnake2.tmi.twitch.tv PRIVMSG #diamondx :Get off when I reach 2 days
10/16/2019 10:50:40 AM -- :snavegt!snavegt@snavegt.tmi.twitch.tv PRIVMSG #diamondx :WAILING
10/16/2019 10:50:50 AM -- :piechampion!piechampion@piechampion.tmi.twitch.tv PRIVMSG #diamondx :K im at school now :(
10/16/2019 10:51:09 AM -- :snavegt!snavegt@snavegt.tmi.twitch.tv PRIVMSG #diamondx :Sad hours @piechampion
10/16/2019 10:51:29 AM -- :abbythesnake2!abbythesnake2@abbythesnake2.tmi.twitch.tv PRIVMSG #diamondx :I’ve had your stream opened all night
10/16/2019 10:51:35 AM -- :avendail!avendail@avendail.tmi.twitch.tv PRIVMSG #diamondx :I gtg to school too in a couple of mon
10/16/2019 10:51:38 AM -- :abbythesnake2!abbythesnake2@abbythesnake2.tmi.twitch.tv PRIVMSG #diamondx :On my phone
10/16/2019 10:51:38 AM -- :avendail!avendail@avendail.tmi.twitch.tv PRIVMSG #diamondx :*min
10/16/2019 10:51:41 AM -- :avendail!avendail@avendail.tmi.twitch.tv PRIVMSG #diamondx :;(
10/16/2019 10:52:09 AM -- PING :tmi.twitch.tv
10/16/2019 10:52:15 AM -- :avendail!avendail@avendail.tmi.twitch.tv PRIVMSG #diamondx :Yes
10/16/2019 10:52:18 AM -- :snavegt!snavegt@snavegt.tmi.twitch.tv PRIVMSG #diamondx :yes
10/16/2019 10:52:25 AM -- :abbythesnake2!abbythesnake2@abbythesnake2.tmi.twitch.tv PRIVMSG #diamondx :!watchtime
10/16/2019 10:52:26 AM -- :streamelements!streamelements@streamelements.tmi.twitch.tv PRIVMSG #diamondx :abbythesnake2 has spent 1 day 23 hours watching diamondx
10/16/2019 10:52:30 AM -- :abbythesnake2!abbythesnake2@abbythesnake2.tmi.twitch.tv PRIVMSG #diamondx :Not yetttt
10/16/2019 10:53:00 AM -- :snavegt!snavegt@snavegt.tmi.twitch.tv PRIVMSG #diamondx :imagine diamond suffers throughout the say with like one viewer cuz everyones at school
10/16/2019 10:53:08 AM -- :abbythesnake2!abbythesnake2@abbythesnake2.tmi.twitch.tv PRIVMSG #diamondx :Let me get this 2 days
10/16/2019 10:53:14 AM -- :abbythesnake2!abbythesnake2@abbythesnake2.tmi.twitch.tv PRIVMSG #diamondx :Yes it does
10/16/2019 10:53:17 AM -- :abbythesnake2!abbythesnake2@abbythesnake2.tmi.twitch.tv PRIVMSG #diamondx :mewsFeelsbadman
10/16/2019 10:54:12 AM -- PONG :tmi.twitch.tv
10/16/2019 10:54:14 AM -- :snavegt!snavegt@snavegt.tmi.twitch.tv PRIVMSG #diamondx :i hate thinking that in 20 mins imma be at school grinding
10/16/2019 10:54:28 AM -- :abbythesnake2!abbythesnake2@abbythesnake2.tmi.twitch.tv PRIVMSG #diamondx :You have no clue how many times I woke up scared as fuck 😂 thought someone was in my room but it was four stream
10/16/2019 10:54:31 AM -- :avendail!avendail@avendail.tmi.twitch.tv PRIVMSG #diamondx :Same
10/16/2019 10:54:35 AM -- :avendail!avendail@avendail.tmi.twitch.tv PRIVMSG #diamondx :I’ll see you guys later
10/16/2019 10:54:37 AM -- :avendail!avendail@avendail.tmi.twitch.tv PRIVMSG #diamondx :I gtg
10/16/2019 10:55:22 AM -- :abbythesnake2!abbythesnake2@abbythesnake2.tmi.twitch.tv PRIVMSG #diamondx :Night
10/16/2019 10:55:25 AM -- :snavegt!snavegt@snavegt.tmi.twitch.tv PRIVMSG #diamondx :sounds like it wont even fuck your schedule very much
10/16/2019 10:55:33 AM -- :abbythesnake2!abbythesnake2@abbythesnake2.tmi.twitch.tv PRIVMSG #diamondx :!watchtime
10/16/2019 10:55:34 AM -- :streamelements!streamelements@streamelements.tmi.twitch.tv PRIVMSG #diamondx :abbythesnake2 has spent 1 day 23 hours watching diamondx
10/16/2019 10:55:40 AM -- :abbythesnake2!abbythesnake2@abbythesnake2.tmi.twitch.tv PRIVMSG #diamondx :mewsFeelsbadman
10/16/2019 10:55:44 AM -- :snavegt!snavegt@snavegt.tmi.twitch.tv PRIVMSG #diamondx :also i called that you would fail to tryhardz
10/16/2019 10:56:29 AM -- :snavegt!snavegt@snavegt.tmi.twitch.tv PRIVMSG #diamondx :cya later today Pog
10/16/2019 10:56:57 AM -- PING :tmi.twitch.tv
10/16/2019 10:59:12 AM -- PONG :tmi.twitch.tv
10/16/2019 11:01:22 AM -- PING :tmi.twitch.tv
10/16/2019 11:04:12 AM -- PONG :tmi.twitch.tv
10/16/2019 11:06:00 AM -- PING :tmi.twitch.tv
10/16/2019 11:09:12 AM -- PONG :tmi.twitch.tv
10/16/2019 11:10:51 AM -- PING :tmi.twitch.tv
10/16/2019 11:14:12 AM -- PONG :tmi.twitch.tv
10/16/2019 11:15:20 AM -- PING :tmi.twitch.tv
10/16/2019 11:19:12 AM -- PONG :tmi.twitch.tv
10/16/2019 11:19:57 AM -- PING :tmi.twitch.tv
10/16/2019 11:24:02 AM -- PING :tmi.twitch.tv
10/16/2019 11:24:12 AM -- PONG :tmi.twitch.tv
10/16/2019 11:28:23 AM -- PING :tmi.twitch.tv
10/16/2019 11:29:12 AM -- PONG :tmi.twitch.tv
10/16/2019 11:33:19 AM -- PING :tmi.twitch.tv
10/16/2019 11:34:12 AM -- PONG :tmi.twitch.tv
10/16/2019 11:37:50 AM -- PING :tmi.twitch.tv
10/16/2019 11:39:12 AM -- PONG :tmi.twitch.tv
10/16/2019 11:42:44 AM -- PING :tmi.twitch.tv
10/16/2019 11:44:12 AM -- PONG :tmi.twitch.tv
10/16/2019 11:47:03 AM -- PING :tmi.twitch.tv
10/16/2019 11:49:12 AM -- PONG :tmi.twitch.tv
10/16/2019 11:51:37 AM -- PING :tmi.twitch.tv
10/16/2019 11:54:12 AM -- PONG :tmi.twitch.tv
10/16/2019 11:55:52 AM -- PING :tmi.twitch.tv
10/16/2019 11:59:12 AM -- PONG :tmi.twitch.tv
10/16/2019 12:00:31 PM -- PING :tmi.twitch.tv
10/16/2019 12:04:12 PM -- PONG :tmi.twitch.tv
10/16/2019 12:05:25 PM -- PING :tmi.twitch.tv
10/16/2019 12:10:07 PM -- PING :tmi.twitch.tv
